C:\HEBER\PROJECTS\1100PROJECTS\1170DEV\OBJ\DEBUG\ALLOW.OBJ
C:\HEBER\PROJECTS\1100PROJECTS\1170DEV\OBJ\DEBUG\AUTOHELDSPROCESS.OBJ
C:\HEBER\PROJECTS\1100PROJECTS\1170DEV\OBJ\DEBUG\AWARDLEVEL.OBJ
C:\HEBER\PROJECTS\1100PROJECTS\1170DEV\OBJ\DEBUG\BANKTRANSFER.OBJ
C:\HEBER\PROJECTS\1100PROJECTS\1170DEV\OBJ\DEBUG\BUTTONPROCESS.OBJ
C:\HEBER\PROJECTS\1100PROJECTS\1170DEV\OBJ\DEBUG\CHECKFORDEMOPLAYPROCESS.OBJ
C:\HEBER\PROJECTS\1100PROJECTS\1170DEV\OBJ\DEBUG\CHECKWIN.OBJ
C:\heber\Projects\1100Projects\1170Dev\Obj\Debug\cl.command.1.tlog
C:\heber\Projects\1100Projects\1170Dev\Obj\Debug\CL.read.1.tlog
C:\heber\Projects\1100Projects\1170Dev\Obj\Debug\CL.write.1.tlog
C:\HEBER\PROJECTS\1100PROJECTS\1170DEV\OBJ\DEBUG\COINTROL.OBJ
C:\HEBER\PROJECTS\1100PROJECTS\1170DEV\OBJ\DEBUG\COINTROLSTATE.OBJ
C:\HEBER\PROJECTS\1100PROJECTS\1170DEV\OBJ\DEBUG\COLLECT.OBJ
C:\HEBER\PROJECTS\1100PROJECTS\1170DEV\OBJ\DEBUG\COLLECTPROCESS.OBJ
C:\HEBER\PROJECTS\1100PROJECTS\1170DEV\OBJ\DEBUG\DEALHANDSTATE.OBJ
C:\HEBER\PROJECTS\1100PROJECTS\1170DEV\OBJ\DEBUG\DEALSTARTSTATE.OBJ
C:\HEBER\PROJECTS\1100PROJECTS\1170DEV\OBJ\DEBUG\DECDON.OBJ
C:\HEBER\PROJECTS\1100PROJECTS\1170DEV\OBJ\DEBUG\DEMOMODE.OBJ
C:\HEBER\PROJECTS\1100PROJECTS\1170DEV\OBJ\DEBUG\DRAWHANDSTATE.OBJ
C:\HEBER\PROJECTS\1100PROJECTS\1170DEV\OBJ\DEBUG\ENDGAMESTATE.OBJ
C:\HEBER\PROJECTS\1100PROJECTS\1170DEV\OBJ\DEBUG\ERRORPROCESS.OBJ
C:\HEBER\PROJECTS\1100PROJECTS\1170DEV\OBJ\DEBUG\FORCEDWINS.OBJ
C:\HEBER\PROJECTS\1100PROJECTS\1170DEV\OBJ\DEBUG\GAMBLE.OBJ
C:\HEBER\PROJECTS\1100PROJECTS\1170DEV\OBJ\DEBUG\GAMEAWARDS.OBJ
C:\HEBER\PROJECTS\1100PROJECTS\1170DEV\OBJ\DEBUG\GENERICBUTTONS.OBJ
C:\HEBER\PROJECTS\1100PROJECTS\1170DEV\OBJ\DEBUG\GENERICDISPLAYERRORMSG.OBJ
C:\HEBER\PROJECTS\1100PROJECTS\1170DEV\OBJ\DEBUG\GENERICGAMEINIT.OBJ
C:\HEBER\PROJECTS\1100PROJECTS\1170DEV\OBJ\DEBUG\GENERICGAMESTORERESTOREDATA.OBJ
C:\HEBER\PROJECTS\1100PROJECTS\1170DEV\OBJ\DEBUG\GENERICHOPPERS.OBJ
C:\HEBER\PROJECTS\1100PROJECTS\1170DEV\OBJ\DEBUG\GENERICMAINEXIT.OBJ
C:\HEBER\PROJECTS\1100PROJECTS\1170DEV\OBJ\DEBUG\GENERICMAININIT.OBJ
C:\HEBER\PROJECTS\1100PROJECTS\1170DEV\OBJ\DEBUG\GENERICMAINSETANDGET.OBJ
C:\HEBER\PROJECTS\1100PROJECTS\1170DEV\OBJ\DEBUG\GENERICQUITGAME.OBJ
C:\HEBER\PROJECTS\1100PROJECTS\1170DEV\OBJ\DEBUG\GENERICUPDATEDISPLAYS.OBJ
C:\HEBER\PROJECTS\1100PROJECTS\1170DEV\OBJ\DEBUG\GENERICWINMAIN.OBJ
C:\HEBER\PROJECTS\1100PROJECTS\1170DEV\OBJ\DEBUG\GOLDENJOKER.OBJ
C:\HEBER\PROJECTS\1100PROJECTS\1170DEV\OBJ\DEBUG\GOLDENJOKERCARDPROCESS.OBJ
C:\HEBER\PROJECTS\1100PROJECTS\1170DEV\OBJ\DEBUG\GOLDENJOKERHELDSPROCESS.OBJ
C:\HEBER\PROJECTS\1100PROJECTS\1170DEV\OBJ\DEBUG\GOLDENJOKERSTATE.OBJ
C:\HEBER\PROJECTS\1100PROJECTS\1170DEV\OBJ\DEBUG\HELPDIGITS.OBJ
C:\HEBER\PROJECTS\1100PROJECTS\1170DEV\OBJ\DEBUG\HELPSTATE.OBJ
C:\HEBER\PROJECTS\1100PROJECTS\1170DEV\OBJ\DEBUG\HILO.OBJ
C:\HEBER\PROJECTS\1100PROJECTS\1170DEV\OBJ\DEBUG\HILOGAMBLESTATE.OBJ
C:\HEBER\PROJECTS\1100PROJECTS\1170DEV\OBJ\DEBUG\HILOVIDEO.OBJ
C:\HEBER\PROJECTS\1100PROJECTS\1170DEV\OBJ\DEBUG\HOLDSTART.OBJ
C:\HEBER\PROJECTS\1100PROJECTS\1170DEV\OBJ\DEBUG\HOLDSTARTSTATE.OBJ
C:\HEBER\PROJECTS\1100PROJECTS\1170DEV\OBJ\DEBUG\JACKPOTPROCESS.OBJ
C:\HEBER\PROJECTS\1100PROJECTS\1170DEV\OBJ\DEBUG\MAXBANKPROCESS.OBJ
C:\HEBER\PROJECTS\1100PROJECTS\1170DEV\OBJ\DEBUG\NMI_LOG.OBJ
C:\HEBER\PROJECTS\1100PROJECTS\1170DEV\OBJ\DEBUG\OSBUTTONPROCESS.OBJ
C:\HEBER\PROJECTS\1100PROJECTS\1170DEV\OBJ\DEBUG\PAYMENTSTATE.OBJ
C:\HEBER\PROJECTS\1100PROJECTS\1170DEV\OBJ\DEBUG\PAYOUT.OBJ
C:\HEBER\PROJECTS\1100PROJECTS\1170DEV\OBJ\DEBUG\PAYTRANSFERPROCESS.OBJ
C:\HEBER\PROJECTS\1100PROJECTS\1170DEV\OBJ\DEBUG\POKER.OBJ
C:\HEBER\PROJECTS\1100PROJECTS\1170DEV\OBJ\DEBUG\POKERGAMEINIT.OBJ
C:\HEBER\PROJECTS\1100PROJECTS\1170DEV\OBJ\DEBUG\POKERHANDPROCESS.OBJ
C:\HEBER\PROJECTS\1100PROJECTS\1170DEV\OBJ\DEBUG\POKERVIDEO.OBJ
C:\HEBER\PROJECTS\1100PROJECTS\1170DEV\OBJ\DEBUG\REFLEX.OBJ
C:\HEBER\PROJECTS\1100PROJECTS\1170DEV\OBJ\DEBUG\ROLL.OBJ
C:\HEBER\PROJECTS\1100PROJECTS\1170DEV\OBJ\DEBUG\SOAK.OBJ
C:\HEBER\PROJECTS\1100PROJECTS\1170DEV\OBJ\DEBUG\SOAKDATA.OBJ
C:\HEBER\PROJECTS\1100PROJECTS\1170DEV\OBJ\DEBUG\SOUND.OBJ
C:\HEBER\PROJECTS\1100PROJECTS\1170DEV\OBJ\DEBUG\STAKE.OBJ
C:\HEBER\PROJECTS\1100PROJECTS\1170DEV\OBJ\DEBUG\STANDBYFLASHPROCESS.OBJ
C:\HEBER\PROJECTS\1100PROJECTS\1170DEV\OBJ\DEBUG\STANDBYSTATE.OBJ
C:\HEBER\PROJECTS\1100PROJECTS\1170DEV\OBJ\DEBUG\TIMING.OBJ
C:\HEBER\PROJECTS\1100PROJECTS\1170DEV\OBJ\DEBUG\UPDATEPROCESS.OBJ
C:\HEBER\PROJECTS\1100PROJECTS\1170DEV\OBJ\DEBUG\VARIABLESOUNDPROCESS.OBJ
C:\heber\Projects\1100Projects\1170Dev\Obj\Debug\vc100.idb
C:\heber\Projects\1100Projects\1170Dev\Obj\Debug\vc100.pdb
